C51 COMPILER V9.00   DELAYMS                                                               01/10/2012 19:48:57 PAGE 1   


C51 COMPILER V9.00, COMPILATION OF MODULE DELAYMS
OBJECT MODULE PLACED IN delayms.OBJ
COMPILER INVOKED BY: C:\Keil\C51\BIN\C51.EXE delayms.c BROWSE DEBUG OBJECTEXTEND

line level    source

   1          
   2          #include "INTRINS.H"
   3          
   4          
   5          void Delay10Us(unsigned int t) //delay 50us
   6          {
   7   1              t *= 14;
   8   1              while(--t)
   9   1              {
  10   2                      _nop_();
  11   2                      _nop_();
  12   2                      _nop_();                
  13   2              }
  14   1       
  15   1      }
  16          
  17          
  18          void DelayMs(unsigned int ms)
  19          {
  20   1              Delay10Us(20 * ms);
  21   1      }


MODULE INFORMATION:   STATIC OVERLAYABLE
   CODE SIZE        =     32    ----
   CONSTANT SIZE    =   ----    ----
   XDATA SIZE       =   ----    ----
   PDATA SIZE       =   ----    ----
   DATA SIZE        =   ----    ----
   IDATA SIZE       =   ----    ----
   BIT SIZE         =   ----    ----
END OF MODULE INFORMATION.


C51 COMPILATION COMPLETE.  0 WARNING(S),  0 ERROR(S)
